[2025-05-15 03:37:14,321] INFO Watching for file changes with StatReloader
[2025-05-15 03:38:06,758] INFO Watching for file changes with StatReloader
[2025-05-15 03:38:39,331] INFO C:\Users\siris\OneDrive\Desktop\NYU\2.Spring 2025\PRINCIPLES OF DATABSE SYSTEMS\Project\PinToBeans\pin_to_beans\core\signals.py changed, reloading.
[2025-05-15 03:38:39,938] INFO Watching for file changes with StatReloader
[2025-05-15 03:39:17,514] INFO C:\Users\siris\OneDrive\Desktop\NYU\2.Spring 2025\PRINCIPLES OF DATABSE SYSTEMS\Project\PinToBeans\pin_to_beans\core\signals.py changed, reloading.
[2025-05-15 03:39:18,115] INFO Watching for file changes with StatReloader
[2025-05-15 03:39:36,151] INFO "GET /dashboard/ HTTP/1.1" 200 31180
[2025-05-15 03:39:36,276] INFO "GET /image/31/ HTTP/1.1" 200 155744
[2025-05-15 03:39:36,289] INFO "GET /image/9/ HTTP/1.1" 200 341138
[2025-05-15 03:39:36,291] INFO "GET /image/32/ HTTP/1.1" 200 58144
[2025-05-15 03:39:36,332] INFO "GET /image/4/ HTTP/1.1" 200 256931
[2025-05-15 03:39:36,339] INFO "GET /image/33/ HTTP/1.1" 200 1843473
[2025-05-15 03:39:36,459] INFO "GET /image/10/ HTTP/1.1" 200 145527
[2025-05-15 03:39:36,491] INFO "GET /image/11/ HTTP/1.1" 200 6025745
[2025-05-15 03:39:36,509] INFO "GET /image/7/ HTTP/1.1" 200 27999
[2025-05-15 03:39:36,532] INFO "GET /image/5/ HTTP/1.1" 200 782632
[2025-05-15 03:39:36,548] INFO "GET /image/8/ HTTP/1.1" 200 1645238
[2025-05-15 03:39:40,087] INFO "GET /profile/6/ HTTP/1.1" 200 21401
[2025-05-15 03:39:40,271] INFO "GET /image/19/ HTTP/1.1" 200 1137667
[2025-05-15 03:39:42,657] INFO "GET /logout/ HTTP/1.1" 302 0
[2025-05-15 03:39:42,680] INFO "GET /login/ HTTP/1.1" 200 3251
[2025-05-15 03:39:50,939] INFO "POST /login/ HTTP/1.1" 302 0
[2025-05-15 03:39:51,078] INFO "GET /dashboard/ HTTP/1.1" 200 31180
[2025-05-15 03:39:51,191] INFO "GET /image/32/ HTTP/1.1" 200 58144
[2025-05-15 03:39:51,211] INFO "GET /image/31/ HTTP/1.1" 200 155744
[2025-05-15 03:39:51,214] INFO "GET /image/19/ HTTP/1.1" 200 1137667
[2025-05-15 03:39:51,216] INFO "GET /image/9/ HTTP/1.1" 200 341138
[2025-05-15 03:39:51,243] INFO "GET /image/33/ HTTP/1.1" 200 1843473
[2025-05-15 03:39:51,308] INFO "GET /image/4/ HTTP/1.1" 200 256931
[2025-05-15 03:39:51,356] INFO "GET /image/7/ HTTP/1.1" 200 27999
[2025-05-15 03:39:51,363] INFO "GET /image/11/ HTTP/1.1" 200 6025745
[2025-05-15 03:39:51,367] INFO "GET /image/10/ HTTP/1.1" 200 145527
[2025-05-15 03:39:51,386] INFO "GET /image/5/ HTTP/1.1" 200 782632
[2025-05-15 03:39:51,484] INFO "GET /image/8/ HTTP/1.1" 200 1645238
[2025-05-15 03:40:23,077] INFO C:\Users\siris\OneDrive\Desktop\NYU\2.Spring 2025\PRINCIPLES OF DATABSE SYSTEMS\Project\PinToBeans\pin_to_beans\pin_to_beans\settings.py changed, reloading.
